2026-04-15 20:34:59.664 +08:00 [INF] Albion DPS Meter starting
2026-04-15 20:34:59.870 +08:00 [INF] OnLaunched starting
2026-04-15 20:34:59.910 +08:00 [INF] Theme brushes registered
2026-04-15 20:34:59.922 +08:00 [INF] Services built
2026-04-15 20:34:59.936 +08:00 [INF] ViewModel resolved
2026-04-15 20:35:00.217 +08:00 [INF] MainWindow created
2026-04-15 20:35:00.270 +08:00 [INF] Window activated
2026-04-15 20:35:50.195 +08:00 [INF] Using packet provider: "Npcap"
2026-04-15 20:35:50.396 +08:00 [INF] Npcap[ID:0]: opening \Device\NPF_{98781EB0-EF8D-4251-B7CB-7C401FE960EA}:WAN Miniport (Network Monitor) (Type="Ethernet", Flags="Up, Running, ConnectionStatusConnected")
2026-04-15 20:35:50.417 +08:00 [INF] Npcap[ID:1]: opening \Device\NPF_{31E5F864-3083-45DF-9A90-C7EECA429D5F}:WAN Miniport (IPv6) (Type="Ethernet", Flags="Up, Running, ConnectionStatusConnected")
2026-04-15 20:35:50.418 +08:00 [INF] Npcap[ID:2]: opening \Device\NPF_{2C8EDCCB-0F1E-448D-A991-36BD03ABB09E}:Bluetooth Device (Personal Area Network) (Type="Ethernet", Flags="Up, Running, Wireless, ConnectionStatusDisconnected")
2026-04-15 20:35:50.418 +08:00 [INF] Npcap[ID:3]: opening \Device\NPF_{0F94565A-F928-4F17-84FD-964FF5DF50FA}:RZ616 Wi-Fi 6E 160MHz (Type="Wireless80211", Flags="Up, Running, Wireless, ConnectionStatusConnected")
2026-04-15 20:35:50.419 +08:00 [INF] Npcap[ID:4]: opening \Device\NPF_{C13CF6FC-271F-49DC-A88F-ADA3F9DC5A53}:Microsoft Wi-Fi Direct Virtual Adapter #2 (Type="Wireless80211", Flags="Up, Running, Wireless, ConnectionStatusDisconnected")
2026-04-15 20:35:50.419 +08:00 [INF] Npcap[ID:5]: opening \Device\NPF_{6F44B68D-F262-4D3E-9D35-4D35E3C3DC12}:Microsoft Wi-Fi Direct Virtual Adapter (Type="Wireless80211", Flags="Up, Running, Wireless, ConnectionStatusDisconnected")
2026-04-15 20:35:50.419 +08:00 [INF] Npcap[ID:6]: opening \Device\NPF_{CCD5F4E6-96C0-455D-B330-BB596FD32625}:Hyper-V Virtual Ethernet Adapter #2 (Type="Ethernet", Flags="Up, Running, ConnectionStatusConnected")
2026-04-15 20:35:50.420 +08:00 [INF] Npcap[ID:7]: opening \Device\NPF_{7556E3E8-3B1B-4452-9011-4C18ED4C5EFB}:Hyper-V Virtual Ethernet Adapter (Type="Ethernet", Flags="Up, Running, ConnectionStatusConnected")
2026-04-15 20:35:50.420 +08:00 [INF] Npcap[ID:8]: opening \Device\NPF_{37217669-42DA-4657-A55B-0D995D328250}:Tailscale Tunnel (Type="53", Flags="Up, Running, ConnectionStatusConnected")
2026-04-15 20:35:50.421 +08:00 [INF] Npcap[ID:9]: skip loopback \Device\NPF_Loopback:Adapter for loopback traffic capture
2026-04-15 20:35:50.421 +08:00 [INF] Npcap[ID:10]: opening \Device\NPF_{CFA29C8E-0B10-4588-9845-32EF98DC8650}:Wintun Userspace Tunnel (Type="53", Flags="Up, Running, ConnectionStatusDisconnected")
2026-04-15 20:35:50.421 +08:00 [INF] Npcap[ID:11]: opening \Device\NPF_{CA45FCFA-A092-41AA-B8B8-F4B3A609AB6B}:Realtek PCIe GbE Family Controller #2 (Type="Ethernet", Flags="Up, Running, ConnectionStatusDisconnected")
2026-04-15 20:35:50.422 +08:00 [INF] Npcap: capture started on 11 device(s)
2026-04-15 20:35:50.422 +08:00 [INF] Network capture started
2026-04-15 20:35:50.423 +08:00 [INF] Tracking started with provider: "Npcap"
2026-04-15 20:35:50.468 +08:00 [INF] Npcap: locked to adapter(Device: RZ616 Wi-Fi 6E 160MHz) after 1 valid packets
2026-04-15 20:35:56.339 +08:00 [INF] ProfileOrPartyChanged: local=false name=null guild=null partyCount=0
2026-04-15 20:35:59.537 +08:00 [INF] PartyJoinedEvent parsed: 11 users, selfGuid="eadcc83f-85a3-4948-99f1-46bda4244ba2"
2026-04-15 20:35:59.538 +08:00 [DBG] PartyMember: "20f7b3c1-cd41-4907-8d7c-8f2caf5c7e69" = Joules
2026-04-15 20:35:59.538 +08:00 [DBG] PartyMember: "eadcc83f-85a3-4948-99f1-46bda4244ba2" = Zad3qeel
2026-04-15 20:35:59.538 +08:00 [DBG] PartyMember: "fb12311b-622c-412e-80e1-a8c8c1178065" = M0KUS3I
2026-04-15 20:35:59.538 +08:00 [DBG] PartyMember: "12841163-be1f-4360-8b05-8e95139d5cec" = LORDJINWO
2026-04-15 20:35:59.538 +08:00 [DBG] PartyMember: "4f671d8a-3b94-4e47-8c7f-8a9065cf8359" = ElzaScarlett
2026-04-15 20:35:59.538 +08:00 [DBG] PartyMember: "c5a3f526-fe0f-46da-b72a-a9f789b0edad" = Criztinaa
2026-04-15 20:35:59.538 +08:00 [DBG] PartyMember: "84ea2e32-588d-473f-8ff0-72a927c3b5fc" = Hontivirus
2026-04-15 20:35:59.538 +08:00 [DBG] PartyMember: "38af7131-9f24-4965-b226-3e386fd29c94" = zompoz
2026-04-15 20:35:59.538 +08:00 [DBG] PartyMember: "852f79d8-c683-45d5-b6f3-4ba78f88836a" = LEGACY214
2026-04-15 20:35:59.538 +08:00 [DBG] PartyMember: "8dd5af3f-755f-4e7c-8e42-2f829d3e314e" = DosssGamingPH
2026-04-15 20:35:59.538 +08:00 [DBG] PartyMember: "9260dcc3-05f8-4bec-9420-45a69f2f5d0d" = MyNameDoesntFi
2026-04-15 20:35:59.539 +08:00 [INF] PartyJoined received: 11 members, selfGuid="eadcc83f-85a3-4948-99f1-46bda4244ba2"
2026-04-15 20:35:59.541 +08:00 [INF] Setting local player from PartyJoined: Zad3qeel
2026-04-15 20:35:59.544 +08:00 [INF] ProfileOrPartyChanged: local=true name=Zad3qeel guild= partyCount=0
2026-04-15 20:35:59.545 +08:00 [INF] ProfileOrPartyChanged: local=true name=Zad3qeel guild= partyCount=1
2026-04-15 20:35:59.548 +08:00 [INF] ProfileOrPartyChanged: local=true name=Zad3qeel guild= partyCount=11
2026-04-15 20:35:59.548 +08:00 [INF] ProfileOrPartyChanged: local=true name=Zad3qeel guild= partyCount=11
2026-04-15 20:35:59.548 +08:00 [INF] ProfileOrPartyChanged: local=true name=Zad3qeel guild= partyCount=11
2026-04-15 20:35:59.548 +08:00 [INF] ProfileOrPartyChanged: local=true name=Zad3qeel guild= partyCount=11
2026-04-15 20:35:59.549 +08:00 [INF] ProfileOrPartyChanged: local=true name=Zad3qeel guild= partyCount=11
2026-04-15 20:35:59.549 +08:00 [INF] ProfileOrPartyChanged: local=true name=Zad3qeel guild= partyCount=11
2026-04-15 20:35:59.549 +08:00 [INF] ProfileOrPartyChanged: local=true name=Zad3qeel guild= partyCount=11
2026-04-15 20:35:59.549 +08:00 [INF] ProfileOrPartyChanged: local=true name=Zad3qeel guild= partyCount=11
2026-04-15 20:35:59.549 +08:00 [INF] ProfileOrPartyChanged: local=true name=Zad3qeel guild= partyCount=11
2026-04-15 20:35:59.549 +08:00 [INF] ProfileOrPartyChanged: local=true name=Zad3qeel guild= partyCount=11
2026-04-15 20:35:59.549 +08:00 [INF] ProfileOrPartyChanged: local=true name=Zad3qeel guild= partyCount=11
2026-04-15 20:35:59.549 +08:00 [INF] ProfileOrPartyChanged: local=true name=Zad3qeel guild= partyCount=11
2026-04-15 20:39:08.651 +08:00 [INF] JoinResponse received: User=MyNameDoesntFi Guild=Enterprises Guid="9260dcc3-05f8-4bec-9420-45a69f2f5d0d"
2026-04-15 20:39:08.651 +08:00 [INF] ProfileOrPartyChanged: local=true name=Zad3qeel guild= partyCount=11
2026-04-15 20:39:35.661 +08:00 [INF] JoinResponse received: User=MyNameDoesntFi Guild=Enterprises Guid="9260dcc3-05f8-4bec-9420-45a69f2f5d0d"
2026-04-15 20:39:35.661 +08:00 [INF] ProfileOrPartyChanged: local=true name=MyNameDoesntFi guild=Enterprises partyCount=11
2026-04-15 20:40:14.290 +08:00 [INF] JoinResponse received: User=MyNameDoesntFi Guild=Enterprises Guid="9260dcc3-05f8-4bec-9420-45a69f2f5d0d"
2026-04-15 20:40:14.290 +08:00 [INF] ProfileOrPartyChanged: local=true name=MyNameDoesntFi guild=Enterprises partyCount=11
2026-04-15 20:40:29.616 +08:00 [INF] JoinResponse received: User=MyNameDoesntFi Guild=Enterprises Guid="9260dcc3-05f8-4bec-9420-45a69f2f5d0d"
2026-04-15 20:40:29.616 +08:00 [INF] ProfileOrPartyChanged: local=true name=MyNameDoesntFi guild=Enterprises partyCount=11
2026-04-15 20:40:42.562 +08:00 [INF] ProfileOrPartyChanged: local=true name=MyNameDoesntFi guild=Enterprises partyCount=10
2026-04-15 20:41:36.305 +08:00 [INF] JoinResponse received: User=MyNameDoesntFi Guild=Enterprises Guid="9260dcc3-05f8-4bec-9420-45a69f2f5d0d"
2026-04-15 20:41:36.305 +08:00 [INF] ProfileOrPartyChanged: local=true name=MyNameDoesntFi guild=Enterprises partyCount=10
2026-04-15 20:42:03.692 +08:00 [INF] JoinResponse received: User=MyNameDoesntFi Guild=Enterprises Guid="9260dcc3-05f8-4bec-9420-45a69f2f5d0d"
2026-04-15 20:42:03.692 +08:00 [INF] ProfileOrPartyChanged: local=true name=MyNameDoesntFi guild=Enterprises partyCount=10
