2026-04-16 16:57:03.755 +08:00 [INF] Albion DPS Meter starting
2026-04-16 16:57:04.131 +08:00 [INF] OnLaunched starting
2026-04-16 16:57:04.174 +08:00 [INF] Theme brushes registered
2026-04-16 16:57:04.181 +08:00 [INF] Services built
2026-04-16 16:57:04.194 +08:00 [INF] ViewModel resolved
2026-04-16 16:57:04.454 +08:00 [INF] MainWindow created
2026-04-16 16:57:04.486 +08:00 [INF] Window activated
2026-04-16 16:57:08.216 +08:00 [WRN] Failed to load item data, equipment icons will be unavailable
System.Text.Json.JsonException: The JSON value could not be converted to System.Int32. Path: $[0].Index | LineNumber: 38 | BytePositionInLine: 14.
 ---> System.InvalidOperationException: Cannot get the value of a token type 'String' as a number.
   at System.Text.Json.ThrowHelper.ThrowInvalidOperationException_ExpectedNumber(JsonTokenType tokenType)
   at System.Text.Json.Utf8JsonReader.TryGetInt32(Int32& value)
   at System.Text.Json.Serialization.Metadata.JsonPropertyInfo`1.ReadJsonAndSetMember(Object obj, ReadStack& state, Utf8JsonReader& reader)
   at System.Text.Json.Serialization.Converters.ObjectDefaultConverter`1.OnTryRead(Utf8JsonReader& reader, Type typeToConvert, JsonSerializerOptions options, ReadStack& state, T& value)
   at System.Text.Json.Serialization.JsonConverter`1.TryRead(Utf8JsonReader& reader, Type typeToConvert, JsonSerializerOptions options, ReadStack& state, T& value, Boolean& isPopulatedValue)
   at System.Text.Json.Serialization.JsonCollectionConverter`2.OnTryRead(Utf8JsonReader& reader, Type typeToConvert, JsonSerializerOptions options, ReadStack& state, TCollection& value)
   at System.Text.Json.Serialization.JsonConverter`1.TryRead(Utf8JsonReader& reader, Type typeToConvert, JsonSerializerOptions options, ReadStack& state, T& value, Boolean& isPopulatedValue)
   at System.Text.Json.Serialization.JsonConverter`1.ReadCore(Utf8JsonReader& reader, T& value, JsonSerializerOptions options, ReadStack& state)
   --- End of inner exception stack trace ---
   at System.Text.Json.ThrowHelper.ReThrowWithPath(ReadStack& state, Utf8JsonReader& reader, Exception ex)
   at System.Text.Json.Serialization.JsonConverter`1.ReadCore(Utf8JsonReader& reader, T& value, JsonSerializerOptions options, ReadStack& state)
   at System.Text.Json.Serialization.Metadata.JsonTypeInfo`1.Deserialize(Utf8JsonReader& reader, ReadStack& state)
   at System.Text.Json.JsonSerializer.ReadFromSpan[TValue](ReadOnlySpan`1 utf8Json, JsonTypeInfo`1 jsonTypeInfo, Nullable`1 actualByteCount)
   at System.Text.Json.JsonSerializer.ReadFromSpan[TValue](ReadOnlySpan`1 json, JsonTypeInfo`1 jsonTypeInfo)
   at System.Text.Json.JsonSerializer.Deserialize[TValue](String json, JsonSerializerOptions options)
   at AlbionDpsMeter.Services.ItemController.ParseJson(String json) in C:\Users\Akashi\Desktop\DPS METER\AlbionDpsMeter\Services\ItemController.cs:line 87
   at AlbionDpsMeter.Services.ItemController.LoadItemsAsync() in C:\Users\Akashi\Desktop\DPS METER\AlbionDpsMeter\Services\ItemController.cs:line 54
2026-04-16 16:59:24.852 +08:00 [INF] Albion DPS Meter starting
2026-04-16 16:59:25.094 +08:00 [INF] OnLaunched starting
2026-04-16 16:59:25.117 +08:00 [INF] Theme brushes registered
2026-04-16 16:59:25.123 +08:00 [INF] Services built
2026-04-16 16:59:25.134 +08:00 [INF] ViewModel resolved
2026-04-16 16:59:25.297 +08:00 [INF] MainWindow created
2026-04-16 16:59:25.332 +08:00 [INF] Window activated
2026-04-16 16:59:25.372 +08:00 [WRN] Failed to load item data, equipment icons will be unavailable
System.Text.Json.JsonException: The JSON value could not be converted to System.Int32. Path: $[0].Index | LineNumber: 38 | BytePositionInLine: 14.
 ---> System.InvalidOperationException: Cannot get the value of a token type 'String' as a number.
   at System.Text.Json.ThrowHelper.ThrowInvalidOperationException_ExpectedNumber(JsonTokenType tokenType)
   at System.Text.Json.Utf8JsonReader.TryGetInt32(Int32& value)
   at System.Text.Json.Serialization.Metadata.JsonPropertyInfo`1.ReadJsonAndSetMember(Object obj, ReadStack& state, Utf8JsonReader& reader)
   at System.Text.Json.Serialization.Converters.ObjectDefaultConverter`1.OnTryRead(Utf8JsonReader& reader, Type typeToConvert, JsonSerializerOptions options, ReadStack& state, T& value)
   at System.Text.Json.Serialization.JsonConverter`1.TryRead(Utf8JsonReader& reader, Type typeToConvert, JsonSerializerOptions options, ReadStack& state, T& value, Boolean& isPopulatedValue)
   at System.Text.Json.Serialization.JsonCollectionConverter`2.OnTryRead(Utf8JsonReader& reader, Type typeToConvert, JsonSerializerOptions options, ReadStack& state, TCollection& value)
   at System.Text.Json.Serialization.JsonConverter`1.TryRead(Utf8JsonReader& reader, Type typeToConvert, JsonSerializerOptions options, ReadStack& state, T& value, Boolean& isPopulatedValue)
   at System.Text.Json.Serialization.JsonConverter`1.ReadCore(Utf8JsonReader& reader, T& value, JsonSerializerOptions options, ReadStack& state)
   --- End of inner exception stack trace ---
   at System.Text.Json.ThrowHelper.ReThrowWithPath(ReadStack& state, Utf8JsonReader& reader, Exception ex)
   at System.Text.Json.Serialization.JsonConverter`1.ReadCore(Utf8JsonReader& reader, T& value, JsonSerializerOptions options, ReadStack& state)
   at System.Text.Json.Serialization.Metadata.JsonTypeInfo`1.Deserialize(Utf8JsonReader& reader, ReadStack& state)
   at System.Text.Json.JsonSerializer.ReadFromSpan[TValue](ReadOnlySpan`1 utf8Json, JsonTypeInfo`1 jsonTypeInfo, Nullable`1 actualByteCount)
   at System.Text.Json.JsonSerializer.ReadFromSpan[TValue](ReadOnlySpan`1 json, JsonTypeInfo`1 jsonTypeInfo)
   at System.Text.Json.JsonSerializer.Deserialize[TValue](String json, JsonSerializerOptions options)
   at AlbionDpsMeter.Services.ItemController.ParseJson(String json) in C:\Users\Akashi\Desktop\DPS METER\AlbionDpsMeter\Services\ItemController.cs:line 87
   at AlbionDpsMeter.Services.ItemController.LoadFromFileAsync(String path) in C:\Users\Akashi\Desktop\DPS METER\AlbionDpsMeter\Services\ItemController.cs:line 82
   at AlbionDpsMeter.Services.ItemController.LoadItemsAsync() in C:\Users\Akashi\Desktop\DPS METER\AlbionDpsMeter\Services\ItemController.cs:line 40
2026-04-16 16:59:43.331 +08:00 [INF] Albion DPS Meter starting
2026-04-16 16:59:43.433 +08:00 [INF] OnLaunched starting
2026-04-16 16:59:43.450 +08:00 [INF] Theme brushes registered
2026-04-16 16:59:43.456 +08:00 [INF] Services built
2026-04-16 16:59:43.465 +08:00 [INF] ViewModel resolved
2026-04-16 16:59:43.655 +08:00 [INF] MainWindow created
2026-04-16 16:59:43.685 +08:00 [INF] Window activated
2026-04-16 16:59:44.112 +08:00 [WRN] Failed to load item data, equipment icons will be unavailable
System.Text.Json.JsonException: The JSON value could not be converted to System.Int32. Path: $[0].Index | LineNumber: 38 | BytePositionInLine: 14.
 ---> System.InvalidOperationException: Cannot get the value of a token type 'String' as a number.
   at System.Text.Json.ThrowHelper.ThrowInvalidOperationException_ExpectedNumber(JsonTokenType tokenType)
   at System.Text.Json.Utf8JsonReader.TryGetInt32(Int32& value)
   at System.Text.Json.Serialization.Metadata.JsonPropertyInfo`1.ReadJsonAndSetMember(Object obj, ReadStack& state, Utf8JsonReader& reader)
   at System.Text.Json.Serialization.Converters.ObjectDefaultConverter`1.OnTryRead(Utf8JsonReader& reader, Type typeToConvert, JsonSerializerOptions options, ReadStack& state, T& value)
   at System.Text.Json.Serialization.JsonConverter`1.TryRead(Utf8JsonReader& reader, Type typeToConvert, JsonSerializerOptions options, ReadStack& state, T& value, Boolean& isPopulatedValue)
   at System.Text.Json.Serialization.JsonCollectionConverter`2.OnTryRead(Utf8JsonReader& reader, Type typeToConvert, JsonSerializerOptions options, ReadStack& state, TCollection& value)
   at System.Text.Json.Serialization.JsonConverter`1.TryRead(Utf8JsonReader& reader, Type typeToConvert, JsonSerializerOptions options, ReadStack& state, T& value, Boolean& isPopulatedValue)
   at System.Text.Json.Serialization.JsonConverter`1.ReadCore(Utf8JsonReader& reader, T& value, JsonSerializerOptions options, ReadStack& state)
   --- End of inner exception stack trace ---
   at System.Text.Json.ThrowHelper.ReThrowWithPath(ReadStack& state, Utf8JsonReader& reader, Exception ex)
   at System.Text.Json.Serialization.JsonConverter`1.ReadCore(Utf8JsonReader& reader, T& value, JsonSerializerOptions options, ReadStack& state)
   at System.Text.Json.Serialization.Metadata.JsonTypeInfo`1.Deserialize(Utf8JsonReader& reader, ReadStack& state)
   at System.Text.Json.JsonSerializer.ReadFromSpan[TValue](ReadOnlySpan`1 utf8Json, JsonTypeInfo`1 jsonTypeInfo, Nullable`1 actualByteCount)
   at System.Text.Json.JsonSerializer.ReadFromSpan[TValue](ReadOnlySpan`1 json, JsonTypeInfo`1 jsonTypeInfo)
   at System.Text.Json.JsonSerializer.Deserialize[TValue](String json, JsonSerializerOptions options)
   at AlbionDpsMeter.Services.ItemController.ParseJson(String json) in C:\Users\Akashi\Desktop\DPS METER\AlbionDpsMeter\Services\ItemController.cs:line 87
   at AlbionDpsMeter.Services.ItemController.LoadFromFileAsync(String path) in C:\Users\Akashi\Desktop\DPS METER\AlbionDpsMeter\Services\ItemController.cs:line 82
   at AlbionDpsMeter.Services.ItemController.LoadItemsAsync() in C:\Users\Akashi\Desktop\DPS METER\AlbionDpsMeter\Services\ItemController.cs:line 40
